                        ;
                        ;***************************************************************************
                        ;*		DISPLAY SECTORS IN HEX AND ASCII
                        ;*
                        ;*		PUBLIC DOMAIN SOFTWARE WRITTEN BY WOEPER
                        ;*
                        ;***************************************************************************
                        ;
                        ;		CURSOR CONTRIL SET FOR ANSI BBS TERMINAL
                        ;
                        ;
0100                    			ORG		0100H					; ORG start at TPA
                        ;		
      = F003            BIOS		EQU		0F003H					; BIOS Entry point	
                        ;		
      = F000            CBOOT		EQU 	BIOS-3					; Cold Boot
      = F003            WBOOT		EQU		BIOS					; Warm Boot

      = F018            HOME		EQU		BIOS+21					; Home the drive
      = F01B            SETDISK		EQU		BIOS+24					; Select disk
      = F01E            SETTRK		EQU		BIOS+27					; Set track
      = F021            SETSEC		EQU		BIOS+30					; Set sector
      = F024            SETDMA		EQU		BIOS+33					; Set trnsfer address
      = F027            READ		EQU		BIOS+36					; Read sector
      = F030            SECTRAN		EQU		BIOS+45					; Translate

      = 0005            BDOS		EQU		5						; BDOS entry point
                        ;
      = 0001            CONIN		EQU		1						; get character
      = 0002            CONOUT		EQU		2						; put character
      = 000A            GETSTR		EQU		10						; Get string
                        ;
      = 000D            CR			EQU		13						;
      = 000A            LF			EQU		10						;
      = 001B            ESC			EQU		27						;
                        ;
                        ;
0100  31 4705           			LXI		SP,STACK				; Local Stack
                        ;		
0103  CD 7603           			CALL	PRTMSG					; Display SIGNON
0106  44554D50 20534543 			DB		"DUMP SECTORS VER 3.5.2",CR,LF,"Select drive (A/B/C):",0
010E  544F5253 20564552
0116  20332E35 2E320D0A
011E  53656C65 63742064
0126  72697665 2028412F
012E  422F4329 3A00
0134  CD 9403           			CALL	USIN					; Get character
0137  E6 5F             			ANI		05FH					; make uppercase
0139  4F                			MOV		C,A						; copy to C
013A  E6 40             			ANI		40H						; Test ASCII
013C  FE 40             			CPI		40H						; Yes ?
013E  C2 03F0           			JNZ		WBOOT					; no exit
0141  79                			MOV		A,C						; get it back	
0142  32 4604           			STA 	SELDRIVE				; save for later
0145  E6 0F             			ANI		0FH						; mask out low nibble
0147  3D                			DCR		A						; decrement A=0 B=1 C=2	
0148  4F                			MOV		C,A						; To BC
0149  06 00             			MVI		B,0						;
                        ;	
014B  CD 1BF0           SELEC:		CALL	SETDISK					; Set disk
014E  E5                			PUSH	H						; save DPB
014F  5E                			MOV		E,M						; Get Translate table address
0150  23                			INX		H						;
0151  56                			MOV		D,M						;
0152  EB                			XCHG							;
0153  22 3C04           			SHLD	TRNSLATE				; save it
0156  E1                			POP		H						; get back DCB
0157  11 0A00           			LXI		D,10					; prepare offset to DPB
015A  19                			DAD		D						; Add it
015B  5E                			MOV		E,M						; Get Disk parameter block address
015C  23                			INX		H						;
015D  56                			MOV		D,M						;
015E  EB                			XCHG							;			
015F  22 4304           			SHLD	DPB						; Store it
0162  7E                			MOV		A,M						; get number of sectors for this drive
0163  32 4504           			STA		SECTORS					; save it
0166  CD 18F0           			CALL	HOME					; Home the drive
0169  3E 00             			MVI		A,0						; start from track 0
016B  32 3F04           			STA		RDSECTOR				; and sector
016E  32 3E04           			STA		RDTRACK					; zero
0171  CD 2203           			CALL	CRLF					; clear line
0174  C3 2C02           			JMP		NEXT1					; and GO
                        ;
                        ;
                        ;-----------------------------------------------------------------------
                        ; DISPLAY MENU LINE
                        ;-----------------------------------------------------------------------			
                        ;
0177  CD 7603           NEXT:		CALL	PRTMSG					; print menu line
017A  0D0A1B5B 33316D43 			DB		CR,LF,ESC,"[31mCommand(Track=T/Sector=S/Next=CR/Stop=CTRL-C) _",ESC,"[39m",0
0182  6F6D6D61 6E642854
018A  7261636B 3D542F53
0192  6563746F 723D532F
019A  4E657874 3D43522F
01A2  53746F70 3D435452
01AA  4C2D4329 205F1B5B
01B2  33396D00
01B6  CD 9403           			CALL	USIN					; get command
01B9  E6 5F             			ANI		5FH						; uppercase
01BB  FE 03             			CPI		3						; ctrl-C ?
01BD  CA 03F0           			JZ		WBOOT					; exit proghram
01C0  FE 0D             			CPI		CR						; CR ?
01C2  CA 0F02           			JZ		NEXT0					; continue to fly
01C5  FE 54             			CPI		'T'						; T ?
01C7  CA D201           			JZ		CHGTRACK				; change track
01CA  FE 53             			CPI		'S'						; S ?
01CC  CA F001           			JZ		CHGSECTOR				; change sector
01CF  C3 7701           			JMP		NEXT					; retry .....
                        ;
                        ;-----------------------------------------------------------------------
                        ; CHANGE TRACK
                        ;-----------------------------------------------------------------------			
                        ;
01D2  CD 7603           CHGTRACK:	CALL	PRTMSG					; print new line
01D5  0D0A00            			DB		CR,LF,0
01D8  CD 7603           CHGTRK2:	CALL	PRTMSG					; display track question	
01DB  54726163 6B203D20 			DB		"Track = ",0
01E3  00
01E4  CD B303           			CALL	GETVALUE				; get the string answer	
01E7  DA D801           			JC		CHGTRK2
01EA  32 3E04           			STA		RDTRACK					; this is the new track
01ED  C3 2C02           			JMP		NEXT1					; go Fly
                        ;
                        ;-----------------------------------------------------------------------
                        ; CHANGE SECTOR
                        ;-----------------------------------------------------------------------			
                        ;
01F0  CD 7603           CHGSECTOR:	CALL	PRTMSG					; display CR LF
01F3  0D0A00            			DB		CR,LF,0
01F6  CD 7603           CHGSEC2:	CALL	PRTMSG					; display question
01F9  53656374 6F72203D 			DB		"Sector = ",0
0201  2000
0203  CD B303           			CALL	GETVALUE				; get nummeric string answer
0206  DA F601           			JC		CHGSEC2
0209  32 3F04           			STA		RDSECTOR				; save as new sector
020C  C3 2C02           			JMP		NEXT1					; go Fly
                        ;
                        ;-----------------------------------------------------------------------
                        ; INCREMENT SECTOR AND OR TRACK
                        ;-----------------------------------------------------------------------			
                        ;
020F  CD 2203           NEXT0:		CALL	CRLF					; New line
0212  3A 3F04           			LDA		RDSECTOR				; get currect sector
0215  3C                			INR		A						; increment
0216  32 3F04           			STA		RDSECTOR				; save again	
0219  4F                			MOV		C,A						; move to C
021A  3A 4504           			LDA		SECTORS					; get  max value
021D  B9                			CMP		C						; compare
021E  C2 2C02           			JNZ		NEXT1					; not yet continue to Fly
0221  AF                			XRA		A						; Reset sector to 0
0222  32 3F04           			STA		RDSECTOR				; save it		
0225  3A 3E04           			LDA		RDTRACK					; get track
0228  3C                			INR		A						; increment
0229  32 3E04           			STA		RDTRACK					; save it back
                        ;
                        ;-----------------------------------------------------------------------
                        ; DISPLAY TRACK AND SECTOR TO SCREEN
                        ;-----------------------------------------------------------------------			
                        ;
022C  CD 7603           NEXT1:		CALL	PRTMSG					; Strt display info line
022F  1B5B3332 6D444953 			DB		ESC,"[32mDISK= ",0		; display Disk
0237  4B3D2000
023B  3A 4604           			LDA		SELDRIVE				; get drive
023E  4F                			MOV		C,A						; to C
023F  CD 8703           			CALL	USOUT					; display it
0242  CD 7603           			CALL	PRTMSG					; display track
0245  3A205452 41434B3D 			DB		": TRACK= ",0			;
024D  2000
024F  3A 3E04           			LDA		RDTRACK					; Get track  number		
0252  6F                			MOV		L,A						; to
0253  26 00             			MVI		H,0						; HL
0255  CD 3703           			CALL	DECOUT					; output it in decimal
0258  CD 7603           			CALL	PRTMSG					; display Sector
025B  20534543 544F523D 			DB		" SECTOR= ",0			;	
0263  2000
0265  3A 3F04           			LDA		RDSECTOR				; Get sector	
0268  6F                			MOV		L,A						; to	
0269  26 00             			MVI		H,0						; HL
026B  CD 3703           			CALL	DECOUT					; Display it in decimal
026E  CD 7603           			CALL	PRTMSG					; Display real sector value after translation
0271  2800              			DB		"(",0					; between barkets
0273  3A 3F04           			LDA		RDSECTOR				; Get sector
0276  CD A103           			CALL	TRANSLATE				; translate
0279  6F                			MOV		L,A						; to HL
027A  26 00             			MVI		H,0						;
027C  CD 3703           			CALL	DECOUT					; Display deccimal
027F  CD 7603           			CALL	PRTMSG					; end of line
0282  291B5B33 396D0D0A 			DB		")",ESC,"[39m",CR,LF,0	;
028A  00
                        ;
                        ;-----------------------------------------------------------------------
                        ; READ THE TRANSLATED SECTOR IN BUFFER
                        ;-----------------------------------------------------------------------			
                        ;
028B  01 4704           LOOP:		LXI		B,BUFFER				; point to buffer
028E  CD 24F0           			CALL	SETDMA					; tell bios
0291  3A 3F04           			LDA		RDSECTOR				; get wanted sector
0294  CD A103           			CALL	TRANSLATE				; translate it
0297  4F                			MOV		C,A						; back to BC
0298  06 00             			MVI		B,0						;
029A  CD 21F0           			CALL	SETSEC					; set the sector to read
029D  3A 3E04           			LDA		RDTRACK					; get asked track
02A0  4F                			MOV		C,A						; move it to	
02A1  06 00             			MVI		B,0						; BC
02A3  CD 1EF0           			CALL	SETTRK					; Set the track
                        ;
02A6  CD 27F0           			CALL	READ					; go read the sector
                        											; my bios will report if error .....
                        ;			
                        ;-----------------------------------------------------------------------
                        ; DISPLAY BUFFER  HEXIDECIMAL WITH ASCII
                        ;-----------------------------------------------------------------------
                        ;
02A9  21 4704           BLOOP:		LXI		H,BUFFER				; point HL to buffer
02AC  3E 00             			MVI		A,0						; start line
02AE  32 4004           			STA		CNTLINES				; save it
02B1  CD 2C03           ALOOP:		CALL	HLOUT2					; Display address (in hex) with 2 spaces
02B4  16 10             			MVI		D,16					; 16 bytes / line
02B6  E5                			PUSH	H						; Save address
02B7  7E                ALP1:		MOV		A,M						; Get byte
02B8  CD FE02           			CALL	HPR						; Output in hex
02BB  CD 3203           			CALL	SPACE					; Space over
02BE  7A                			MOV		A,D						; Get count
02BF  FE 09             			CPI		9						; At boundary?
02C1  CC 3203           			CZ		SPACE					; Yes, extra space
02C4  7A                			MOV		A,D						; Get count
02C5  E6 07             			ANI		7						; Mask for low bits
02C7  FE 05             			CPI		5						; At boundary?
02C9  CC 3203           			CZ		SPACE					; Extra space
02CC  23                			INX		H						; Advance address
02CD  15                			DCR		D						; Reduce count
02CE  C2 B702           			JNZ		ALP1					; Do them all
02D1  16 04             			MVI		D,4						; # separating spaces
02D3  CD 3203           AL2:		CALL	SPACE					; Output a space
02D6  15                			DCR		D						; Reduce count
02D7  C2 D302           			JNZ		AL2						; And proceed
02DA  E1                			POP		H
02DB  16 10             			MVI		D,16					; 16 chars / display
02DD  7E                AL3:		MOV		A,M						; Get data byte
02DE  CD 1203           			CALL	OUTP					; Display (if prinTRNSLATE)
02E1  23                			INX		H						; Advance to next
02E2  15                			DCR		D						; Reduce count
02E3  C2 DD02           			JNZ		AL3						; Do them allCALL CHKSUS				   ; Handle output suspension
02E6  3A 4004           			LDA		CNTLINES				; get current line
02E9  3C                			INR		A						; increment
02EA  32 4004           			STA		CNTLINES				; save again
02ED  FE 08             			CPI		8						; Line 8=end of buffer
02EF  CA 7701           			JZ		NEXT					; next Buffer
02F2  CD 2203           			CALL	CRLF					; CR LF
02F5  C3 B102           			JMP		ALOOP					; And continue

                        ;-----------------------------------------------------------------------
                        ; DISPLAY HL IN HEXIDECIMAL
                        ;-----------------------------------------------------------------------
                        ;
02F8  3E 00             HLOUT:		MVI		A,0					 	; Get HIGH byte ( FORCED TO 0 )
02FA  CD FE02           			CALL	HPR						; Output
02FD  7D                			MOV		A,L						; Get LOW byte
                        ;-----------------------------------------------------------------------
                        ; DISPLAY A IN HEXIDECIMAL
                        ;-----------------------------------------------------------------------
                        ;
02FE  F5                HPR:		PUSH	PSW						; Save low digit
02FF  0F                			RRC								; Shift
0300  0F                			RRC								; high
0301  0F                			RRC							 	; digit
0302  0F                			RRC							 	; into low
0303  CD 0703           			CALL	HOUT					; Display a single digit
0306  F1                			POP		PSW						; Restore low digit
0307  E6 0F             HOUT:		ANI		0Fh						; Remove high digit
0309  FE 0A             			CPI		10						; Convert to ASCII
030B  DE 2F             			SBI		2Fh
030D  27                			DAA
030E  4F                			MOV		C,A
030F  C3 8703           			JMP		USOUT					; And output it	
                        ;-----------------------------------------------------------------------
                        ; DISPLAY A CHARACTER IF ITS PRINTRNSLATE	
                        ;-----------------------------------------------------------------------
                        ;
0312  FE 20             OUTP:		CPI		' '						; < ' '
0314  DA 1D03           			JC		OUTP1					; Invalid, exchange it
0317  FE 7F             			CPI		7Fh						; PrinTRNSLATE?
0319  4F                			MOV		C,A
031A  DA 8703           			JC		USOUT					; Ok to display
031D  0E 2E             OUTP1:		MVI		C,'.'			  		; Set to DOT to indicate invalid
031F  C3 8703           			JMP		USOUT					; And display
                        ;-----------------------------------------------------------------------
                        ; WRITE A LINE - FEED AND CARRIAGE - RETURN TO CONSOLE
                        ;-----------------------------------------------------------------------
0322  0E 0D             CRLF:		MVI		C,0Dh			 	 	; Carriage return
0324  CD 8703           			CALL	USOUT			 	 	; Output
0327  0E 0A             			MVI		C,0Ah			 	 	; Line - feed	
0329  C3 8703           			JMP		USOUT
                        	
032C  CD F802           HLOUT2:		CALL	HLOUT					; Output value
032F  CD 3203           			CALL	SPACE					; Output a space
                        ;
                        ;-----------------------------------------------------------------------
                        ; DISPLAY A SPACE ON THE CONSOLE
                        ;-----------------------------------------------------------------------
                        ;
0332  0E 20             SPACE:		MVI		C,' '					; Get a space
0334  C3 8703           			JMP		USOUT					; Display it	
                        ;
                        ;-----------------------------------------------------------------------
                        ; ** BINAIR TO ASCII  5 DIGITS IN HL
                        ;-----------------------------------------------------------------------
                        ;
0337  06 80             DECOUT:		MVI		B,80H					; flag to no print
0339  11 F0D8           			LXI		D,-10000				; setup 10000
033C  CD 5603           			CALL	DECNO					; see how many
033F  11 18FC           			LXI		D,-1000					; setup 1000
0342  CD 5603           			CALL	DECNO					; see howmany
0345  11 9CFF           			LXI		D,-100					; setup 100
0348  CD 5603           			CALL	DECNO					; see how many
034B  11 F6FF           			LXI		D,-10					; setup 10
034E  CD 5603           			CALL	DECNO					; see howmany
0351  06 00             			MVI		B,0						; clear inhibit print flag
0353  11 FFFF           			LXI		D,-1					; setup 1
0356  04                DECNO:		INR		B						; see howmany
0357  19                			DAD		D						; substract it
0358  DA 5603           			JC		DECNO					; carry ?
035B  05                			DCR		B						; yes adjust count
035C  EB                			XCHG							; to de
035D  AF                			XRA		A						; clear carry clear acu
035E  95                			SUB		L						; substarct l
035F  6F                			MOV		L,A						; save l
0360  3E 00             			MVI		A,0						; save carry but a to 0
0362  9C                			SBB		H						; substract h
0363  67                			MOV		H,A						; save h
0364  EB                			XCHG							; back to hl
0365  19                			DAD		D						; readd
0366  78                			MOV		A,B						; get no print flag
0367  FE 80             			CPI		80H						; still set
0369  C8                			RZ								; yes then return
036A  78                			MOV		A,B						; get flag
036B  E6 7F             			ANI		7FH						; mask out flag
036D  F6 30             			ORI		'0'						; make ascii
036F  4F                			MOV		C,A	
0370  CD 8703           			CALL	USOUT					; echo it
0373  06 00             			MVI		B,0						; disable flag now
0375  C9                			RET	
                        ;
                        ;------------------------------------------------------------------------------
                        ;		TEXT TO CONSOLE
                        ;------------------------------------------------------------------------------
                        ;
0376  E3                PRTMSG: 	XTHL							; get string address
0377  7E                UTXT01: 	MOV		A,M						; get byte from it
0378  B7                			ORA		A						; test if eos
0379  CA 8403           			JZ		UTXT02					; ok end of string
037C  4F                			MOV		C,A						; to c
037D  CD 8703           			CALL	USOUT					; output it
0380  23                			INX		H						; pointer++
0381  C3 7703           			JMP		UTXT01					; Jump on
0384  23                UTXT02: 	INX		H						; Adjust for return
0385  E3                			XTHL							; Reset return address
0386  C9                			RET								; go on
                        ;
                        ;------------------------------------------------------------------------------
                        ;		CHARACTER  TO CONSOLE
                        ;------------------------------------------------------------------------------
                        ;
0387  C5                USOUT:		PUSH	B						; To be sure
0388  D5                			PUSH	D						; save all registers
0389  E5                			PUSH	H						;:-)
038A  59                			MOV		E,C						; char to E
038B  0E 02             			MVI		C,CONOUT				; tell Char Out	
038D  CD 0500           			CALL	BDOS					; work bdos ....
0390  E1                			POP		H						; restore
0391  D1                			POP		D
0392  C1                			POP		B
0393  C9                			RET
                        ;
                        ;------------------------------------------------------------------------------
                        ;		CHARACTER  FROM CONSOLE
                        ;------------------------------------------------------------------------------
                        ;
0394  C5                USIN:		PUSH	B						; To be sure
0395  D5                			PUSH	D						; save all registers
0396  E5                			PUSH	H						; :-)
0397  59                			MOV		E,C						; char to E
0398  0E 01             			MVI		C,CONIN					; tell Char Out	
039A  CD 0500           			CALL	BDOS					; work bdos ....
039D  E1                			POP		H						; restore
039E  D1                			POP		D
039F  C1                			POP		B
03A0  C9                			RET
                        ;
                        ;------------------------------------------------------------------------------
                        ;		TRANSLATE SECTOR NUMBER
                        ;------------------------------------------------------------------------------
                        ;	
03A1  F5                TRANSLATE:	PUSH	PSW						; Sve sector
03A2  2A 3C04           			LHLD	TRNSLATE				; Get translate table
03A5  7D                			MOV		A,L						; Check if TAble is 0
03A6  B4                			ORA		H						; by comparing H to L
03A7  CA B103           			JZ		NOTRANS					; now should be non zero
03AA  F1                			POP		PSW						; get back sector
03AB  5F                			MOV		E,A						; to
03AC  16 00             			MVI		D,0						; DE
03AE  19                			DAD		D						; Add to start of table
03AF  7E                			MOV		A,M						; get new sector value
03B0  C9                			RET								; and return
03B1  F1                NOTRANS:	POP		PSW						; no table return same value
03B2  C9                			RET								; return

                        ;
                        ;------------------------------------------------------------------------------
                        ;		READ STRING FROM CONSOLE
                        ;------------------------------------------------------------------------------
                        ;				
03B3  11 3504           GETVALUE:	LXI		D,CONSTR				; point to buffer zone
03B6  0E 0A             			MVI		C,GETSTR				; get BDOS string
03B8  CD 0500           			CALL	BDOS					; work horse
03BB  3A 3604           			LDA		CONSTR+1				; load number of characters	
03BE  FE 00             			CPI		0						; nothing entered retry
03C0  CA D203           			JZ		GETVALUE1				; Again
03C3  FE 01             			CPI		1						; only 1
03C5  CA DC03           			JZ		GETVALUE2				; process 1
03C8  FE 02             			CPI		2						; only 2
03CA  CA ED03           			JZ		GETVALUE3				; process 2
03CD  FE 03             			CPI		3						; 3
03CF  CA FE03           			JZ		GETVALUE4				; ok nothing to do
03D2  CD 7603           GETVALUE1:	CALL	PRTMSG					; print
03D5  1B5B324B 00       			DB		ESC,"[2K",0				; erase line
03DA  37                			STC								; set carry
03DB  C9                			RET								; report error
03DC  3A 3704           GETVALUE2:	LDA		CONSTR+2				; Adjust character position
03DF  32 3904           			STA		CONSTR+4				; to obtain
03E2  3E 30             			MVI		A,'0'					; a 3 character
03E4  32 3804           			STA		CONSTR+3				; leading
03E7  32 3704           			STA		CONSTR+2				; zeroes	
03EA  C3 FE03           			JMP		GETVALUE4				; string
03ED  3A 3804           GETVALUE3:	LDA		CONSTR+3				; ready
03F0  32 3904           			STA		CONSTR+4				; to
03F3  3A 3704           			LDA		CONSTR+2				; concverted
03F6  32 3804           			STA		CONSTR+3				; to
03F9  3E 30             			MVI		A,'0'					; decimal
03FB  32 3704           			STA		CONSTR+2				; value
03FE  CD 0504           GETVALUE4:	CALL	CONVERT					; NOW !
0401  79                			MOV		A,C						; result to A and C	
0402  37                			STC								; set carry
0403  3F                			CMC								; clear carry
0404  C9                			RET								; return to caller
                        ;
                        ;------------------------------------------------------------------------------
                        ;		CONVERT 3 CHARACTER STRING TO DECIMAL IN C
                        ;------------------------------------------------------------------------------
                        ;			
0405  3A 3704           CONVERT:	LDA		CONSTR+2				; get first character value 10
0408  E6 0F             			ANI		0FH						; mask out
040A  4F                			MOV		C,A						; to C as counter
040B  06 00             			MVI		B,0						; prepare result 0
040D  79                CONVERT0:	MOV		A,C						; get count
040E  B7                			ORA		A						; check 0
040F  CA 1A04           			JZ		CONVERT2					; yes done
0412  78                			MOV		A,B						; get value
0413  C6 64             			ADI		100						; add 10
0415  47                			MOV		B,A						; save back
0416  0D                			DCR		C						; decrement counter	
0417  C3 0D04           			JMP		CONVERT0				; loop again
041A  3A 3804           CONVERT2:	LDA		CONSTR+3				; get first character value 10
041D  E6 0F             			ANI		0FH						; mask out
041F  4F                			MOV		C,A						; to C as counter
0420  79                CONVERT3:	MOV		A,C						; get count
0421  B7                			ORA		A						; check 0
0422  CA 2D04           			JZ		CONVERT4				; yes done
0425  78                			MOV		A,B						; get value
0426  C6 0A             			ADI		10						; add 10
0428  47                			MOV		B,A						; save back
0429  0D                			DCR		C						; decrement counter	
042A  C3 2004           			JMP		CONVERT3				; loop again
042D  3A 3904           CONVERT4:	LDA		CONSTR+4				; Get lsb
0430  E6 0F             			ANI		0FH						; mask out value
0432  80                			ADD		B						; add previous value
0433  4F                			MOV		C,A						; mov to C	
0434  C9                			RET
                        ;
                        ;
                        ;		RAM AREA
                        ;
0435  05000000 000000   CONSTR:		DB		5,0,0,0,0,0,0
                        ;
043C   (0002)           TRNSLATE:	DS		2		
043E   (0001)           RDTRACK:	DS		1
043F   (0001)           RDSECTOR:	DS		1	
0440   (0001)           CNTLINES:	DS		1	
0441   (0002)           PARMS:		DS		2
0443   (0002)           DPB:		DS		2
0445   (0001)           SECTORS:	DS		1
0446   (0001)           SELDRIVE:	DS		1	
                        ;
                        ;
0447  00000000 00000000 BUFFER		DS		128,0
044F  00000000 00000000
0457  00000000 00000000
045F  00000000 00000000
0467  00000000 00000000
046F  00000000 00000000
0477  00000000 00000000
047F  00000000 00000000
0487  00000000 00000000
048F  00000000 00000000
0497  00000000 00000000
049F  00000000 00000000
04A7  00000000 00000000
04AF  00000000 00000000
04B7  00000000 00000000
04BF  00000000 00000000

04C7  00000000 00000000 			DS		128,0
04CF  00000000 00000000
04D7  00000000 00000000
04DF  00000000 00000000
04E7  00000000 00000000
04EF  00000000 00000000
04F7  00000000 00000000
04FF  00000000 00000000
0507  00000000 00000000
050F  00000000 00000000
0517  00000000 00000000
051F  00000000 00000000
0527  00000000 00000000
052F  00000000 00000000
0537  00000000 00000000
053F  00000000 00000000
      = 0547            STACK		EQU		$
                        ;
0547   (0000)           			END		0
                        ;
                        			
                        			

00000 Total Error(s)

AL2                02D3    AL3                02DD    ALOOP              02B1
ALP1               02B7    BDOS               0005 E  BIOS               F003 E
BLOOP              02A9    BUFFER             0447    CBOOT              F000 E
CHGSEC2            01F6    CHGSECTOR          01F0    CHGTRACK           01D2
CHGTRK2            01D8    CNTLINES           0440    CONIN              0001 E
CONOUT             0002 E  CONSTR             0435    CONVERT            0405
CONVERT0           040D    CONVERT2           041A    CONVERT3           0420
CONVERT4           042D    CR                 000D E  CRLF               0322
DECNO              0356    DECOUT             0337    DPB                0443
ESC                001B E  GETSTR             000A E  GETVALUE           03B3
GETVALUE1          03D2    GETVALUE2          03DC    GETVALUE3          03ED
GETVALUE4          03FE    HLOUT              02F8    HLOUT2             032C
HOME               F018 E  HOUT               0307    HPR                02FE
LF                 000A E  LOOP               028B    NEXT               0177
NEXT0              020F    NEXT1              022C    NOTRANS            03B1
OUTP               0312    OUTP1              031D    PARMS              0441
PRTMSG             0376    RDSECTOR           043F    RDTRACK            043E
READ               F027 E  SECTORS            0445    SECTRAN            F030 E
SELDRIVE           0446    SELEC              014B    SETDISK            F01B E
SETDMA             F024 E  SETSEC             F021 E  SETTRK             F01E E
SPACE              0332    STACK              0547 E  TRANSLATE          03A1
TRNSLATE           043C    USIN               0394    USOUT              0387
UTXT01             0377    UTXT02             0384    WBOOT              F003 E
